<?xml version="1.0" encoding="UTF-8"?>
<testsuite xmlns:xsi="http://www.w3.org/2001/XMLSchema-instance" xsi:noNamespaceSchemaLocation="https://maven.apache.org/surefire/maven-surefire-plugin/xsd/surefire-test-report-3.0.xsd" version="3.0" name="SeasonalBudgetManagerTest" time="0.035" tests="5" errors="0" skipped="0" failures="0">
  <properties>
[...]
</properties>
  <testcase name="testParseItemAndQuantity_nonNumericQuantity" classname="SeasonalBudgetManagerTest" time="0.015">
    <system-out><![CDATA[Invalid quantity. Please enter a number at the end.
]]></system-out>
  </testcase>
  <testcase name="testParseItemAndQuantity_negativeQuantity" classname="SeasonalBudgetManagerTest" time="0.0">
    <system-out><![CDATA[Quantity must be a positive number.
]]></system-out>
  </testcase>
  <testcase name="testParseItemAndQuantity_extrasSpaces" classname="SeasonalBudgetManagerTest" time="0.002"/>
  <testcase name="testParseItemAndQuantity_validInput" classname="SeasonalBudgetManagerTest" time="0.001"/>
  <testcase name="testParseItemAndQuantity_missingQuantity" classname="SeasonalBudgetManagerTest" time="0.001">
    <system-out><![CDATA[Invalid quantity. Please enter a number at the end.
]]></system-out>
  </testcase>
</testsuite>